#
# There is insufficient memory for the Java Runtime Environment to continue.
# Native memory allocation (mmap) failed to map 1048576 bytes. Error detail: G1 virtual space
# Possible reasons:
#   The system is out of physical RAM or swap space
#   This process is running with CompressedOops enabled, and the Java Heap may be blocking the growth of the native heap
# Possible solutions:
#   Reduce memory load on the system
#   Increase physical memory or swap space
#   Check if swap backing store is full
#   Decrease Java heap size (-Xmx/-Xms)
#   Decrease number of Java threads
#   Decrease Java thread stack sizes (-Xss)
#   Set larger code cache with -XX:ReservedCodeCacheSize=
#   JVM is running with Unscaled Compressed Oops mode in which the Java heap is
#     placed in the first 4GB address space. The Java Heap base address is the
#     maximum limit for the native heap growth. Please use -XX:HeapBaseMinAddress
#     to set the Java Heap base and to place the Java Heap above 4GB virtual address.
# This output file may be truncated or incomplete.
#
#  Out of Memory Error (os_windows.cpp:3564), pid=26604, tid=28216
#
# JRE version: Java(TM) SE Runtime Environment (24.0+36) (build 24+36-3646)
# Java VM: Java HotSpot(TM) 64-Bit Server VM (24+36-3646, mixed mode, sharing, tiered, compressed oops, compressed class ptrs, g1 gc, windows-amd64)
# No core dump will be written. Minidumps are not enabled by default on client versions of Windows
#

---------------  S U M M A R Y ------------

Command Line: employee.GenerateBills

Host: AMD Ryzen 5 5500U with Radeon Graphics         , 12 cores, 7G,  Windows 11 , 64 bit Build 26100 (10.0.26100.7920)
Time: Tue Apr 14 11:31:17 2026 India Standard Time elapsed time: 5.627550 seconds (0d 0h 0m 5s)

---------------  T H R E A D  ---------------

Current thread (0x00000183996b8070):  JavaThread "Image Fetcher 0" daemon [_thread_in_vm, id=28216, stack(0x0000003a19200000,0x0000003a19300000) (1024K)]

Stack: [0x0000003a19200000,0x0000003a19300000]
Native frames: (J=compiled Java code, j=interpreted, Vv=VM code, C=native code)
V  [jvm.dll+0x7308c9]  (no source info available)
V  [jvm.dll+0x8d9ca3]  (no source info available)
V  [jvm.dll+0x8dc13d]  (no source info available)
V  [jvm.dll+0x8dc7b3]  (no source info available)
V  [jvm.dll+0x2aa046]  (no source info available)
V  [jvm.dll+0x72cdf5]  (no source info available)
V  [jvm.dll+0x72091a]  (no source info available)
V  [jvm.dll+0x390d8a]  (no source info available)
V  [jvm.dll+0x398a96]  (no source info available)
V  [jvm.dll+0x384fc1]  (no source info available)
V  [jvm.dll+0x385684]  (no source info available)
V  [jvm.dll+0x3851e9]  (no source info available)
V  [jvm.dll+0x35d6ae]  (no source info available)
V  [jvm.dll+0x35b87f]  (no source info available)
V  [jvm.dll+0x6b783b]  (no source info available)
V  [jvm.dll+0x264cb2]  (no source info available)
V  [jvm.dll+0x8997d7]  (no source info available)
V  [jvm.dll+0x41503c]  (no source info available)
C  0x000001834641a4c9  (no source info available)

The last pc belongs to newarray (printed below).
Java frames: (J=compiled Java code, j=interpreted, Vv=VM code)
j  java.awt.image.DataBufferInt.<init>(I)V+11 java.desktop@24
j  java.awt.image.Raster.createPackedRaster(III[ILjava/awt/Point;)Ljava/awt/image/WritableRaster;+69 java.desktop@24
j  java.awt.image.DirectColorModel.createCompatibleWritableRaster(II)Ljava/awt/image/WritableRaster;+83 java.desktop@24
j  sun.awt.image.ImageRepresentation.createBufferedImage()V+18 java.desktop@24
j  sun.awt.image.ImageRepresentation.setPixels(IIIILjava/awt/image/ColorModel;[III)V+30 java.desktop@24
j  sun.awt.image.ImageDecoder.setPixels(IIIILjava/awt/image/ColorModel;[III)I+44 java.desktop@24
j  sun.awt.image.JPEGImageDecoder.sendPixels([II)Z+14 java.desktop@24
v  ~StubRoutines::call_stub 0x0000018346400fcd
j  sun.awt.image.JPEGImageDecoder.readImage(Ljava/io/InputStream;[B)V+0 java.desktop@24
j  sun.awt.image.JPEGImageDecoder.produceImage()V+10 java.desktop@24
j  sun.awt.image.InputStreamImageSource.doFetch()V+51 java.desktop@24
j  sun.awt.image.ImageFetcher.fetchloop()V+31 java.desktop@24
j  sun.awt.image.ImageFetcher.run()V+5 java.desktop@24
v  ~StubRoutines::call_stub 0x0000018346400fcd
Lock stack of current Java thread (top to bottom):
LockStack[0]: sun.awt.image.ImageRepresentation 
{0x0000000091300230} - klass: 'sun/awt/image/ImageRepresentation' - flags: 

 - ---- fields (total size 12 words):
 - public 'watcherList' 'Lsun/awt/image/ImageWatched$Link;' @12  a 'sun/awt/image/ImageWatched$WeakLink'{0x00000000912d74e0} (0x912d74e0)
 - 'pData' 'J' @16  0 (0x0000000000000000)
 - 'tag' 'I' @24  0 (0x00000000)
 - 'width' 'I' @28  9450 (0x000024ea)
 - 'height' 'I' @32  5400 (0x00001518)
 - 'hints' 'I' @36  22 (0x00000016)
 - 'availinfo' 'I' @40  3 (0x00000003)
 - 'srcLUTtransIndex' 'I' @44  -1 (0xffffffff)
 - 'numSrcLUT' 'I' @48  0 (0x00000000)
 - 'sstride' 'I' @52  0 (0x00000000)
 - private 'numWaiters' 'I' @56  0 (0x00000000)
 - 'forceCMhint' 'Z' @60  false (0x00)
 - 'isDefaultBI' 'Z' @61  false (0x00)
 - 'isSameCM' 'Z' @62  true (0x01)
 - private 'consuming' 'Z' @63  true (0x01)
 - 'src' 'Lsun/awt/image/InputStreamImageSource;' @64  a 'sun/awt/image/URLImageSource'{0x0000000091309ea0} (0x91309ea0)
 - 'image' 'Lsun/awt/image/ToolkitImage;' @68  a 'sun/awt/image/ToolkitImage'{0x0000000091328308} (0x91328308)
 - 'newbits' 'Ljava/awt/Rectangle;' @72  null (0x00000000)
 - 'bimage' 'Ljava/awt/image/BufferedImage;' @76  null (0x00000000)
 - 'biRaster' 'Ljava/awt/image/WritableRaster;' @80  null (0x00000000)
 - protected 'cmodel' 'Ljava/awt/image/ColorModel;' @84  a 'java/awt/image/DirectColorModel'{0x0000000091300430} (0x91300430)
 - 'srcModel' 'Ljava/awt/image/ColorModel;' @88  a 'java/awt/image/DirectColorModel'{0x0000000091300430} (0x91300430)
 - 'srcLUT' '[I' @92  null (0x00000000)

newarray  188 newarray  [0x000001834641a460, 0x000001834641a538]  216 bytes
[MachCode]
  0x000001834641a460: 8b04 2448 | 83c4 0841 | 0fb6 5501 | e805 0000 | 00e9 ab00 | 0000 4c8b | c048 8d44 | 2408 4c89 
  0x000001834641a480: 6dc0 498b | cfc5 f877 | 4989 afb8 | 0300 0049 | 8987 a803 | 0000 4883 | ec20 40f6 | c40f 0f84 
  0x000001834641a4a0: 1900 0000 | 4883 ec08 | 48b8 1050 | e1b0 fb7f | 0000 ffd0 | 4883 c408 | e90c 0000 | 0048 b810 
  0x000001834641a4c0: 50e1 b0fb | 7f00 00ff | d048 83c4 | 2049 c787 | a803 0000 | 0000 0000 | 49c7 87b8 | 0300 0000 
  0x000001834641a4e0: 0000 0049 | c787 b003 | 0000 0000 | 0000 c5f8 | 7749 837f | 0800 0f84 | 0500 0000 | e9bf 69fe 
  0x000001834641a500: ff49 8b87 | 0004 0000 | 49c7 8700 | 0400 0000 | 0000 004c | 8b6d c04c | 8b75 c84e | 8d74 f500 
  0x000001834641a520: c341 0fb6 | 5d02 4983 | c502 49ba | 4089 6db1 | fb7f 0000 | 41ff 24da 
[/MachCode]

---------------  P R O C E S S  ---------------

Threads class SMR info:
_java_thread_list=0x0000018399685e30, length=16, elements={
0x0000018353110880, 0x0000018353110fc0, 0x0000018353111700, 0x0000018353115f80,
0x000001835311a6d0, 0x000001835311c850, 0x000001835311d2c0, 0x0000018353470090,
0x0000018353511a20, 0x00000183535171c0, 0x0000018399219a80, 0x000001835385cfd0,
0x000001835385df20, 0x0000018399448e40, 0x00000183342755d0, 0x00000183996b8070
}

Java Threads: ( => current thread )
  0x0000018353110880 JavaThread "Reference Handler"          daemon [_thread_blocked, id=27060, stack(0x0000003a17b00000,0x0000003a17c00000) (1024K)]
  0x0000018353110fc0 JavaThread "Finalizer"                  daemon [_thread_blocked, id=27092, stack(0x0000003a17c00000,0x0000003a17d00000) (1024K)]
  0x0000018353111700 JavaThread "Signal Dispatcher"          daemon [_thread_blocked, id=27088, stack(0x0000003a17d00000,0x0000003a17e00000) (1024K)]
  0x0000018353115f80 JavaThread "Attach Listener"            daemon [_thread_blocked, id=26992, stack(0x0000003a17e00000,0x0000003a17f00000) (1024K)]
  0x000001835311a6d0 JavaThread "Service Thread"             daemon [_thread_blocked, id=25348, stack(0x0000003a17f00000,0x0000003a18000000) (1024K)]
  0x000001835311c850 JavaThread "Monitor Deflation Thread"   daemon [_thread_blocked, id=24132, stack(0x0000003a18000000,0x0000003a18100000) (1024K)]
  0x000001835311d2c0 JavaThread "C2 CompilerThread0"         daemon [_thread_blocked, id=27020, stack(0x0000003a18100000,0x0000003a18200000) (1024K)]
  0x0000018353470090 JavaThread "C1 CompilerThread0"         daemon [_thread_blocked, id=27352, stack(0x0000003a18200000,0x0000003a18300000) (1024K)]
  0x0000018353511a20 JavaThread "Notification Thread"        daemon [_thread_blocked, id=16540, stack(0x0000003a18300000,0x0000003a18400000) (1024K)]
  0x00000183535171c0 JavaThread "Common-Cleaner"             daemon [_thread_blocked, id=17764, stack(0x0000003a18400000,0x0000003a18500000) (1024K)]
  0x0000018399219a80 JavaThread "Java2D Disposer"            daemon [_thread_blocked, id=28140, stack(0x0000003a18500000,0x0000003a18600000) (1024K)]
  0x000001835385cfd0 JavaThread "AWT-Shutdown"                      [_thread_blocked, id=26716, stack(0x0000003a18600000,0x0000003a18700000) (1024K)]
  0x000001835385df20 JavaThread "AWT-Windows"                daemon [_thread_in_native, id=28308, stack(0x0000003a18700000,0x0000003a18800000) (1024K)]
  0x0000018399448e40 JavaThread "AWT-EventQueue-0"                  [_thread_blocked, id=24024, stack(0x0000003a18800000,0x0000003a18900000) (1024K)]
  0x00000183342755d0 JavaThread "DestroyJavaVM"                     [_thread_blocked, id=11084, stack(0x0000003a17300000,0x0000003a17400000) (1024K)]
=>0x00000183996b8070 JavaThread "Image Fetcher 0"            daemon [_thread_in_vm, id=28216, stack(0x0000003a19200000,0x0000003a19300000) (1024K)]
Total: 16

Other Threads:
  0x0000018353105290 VMThread "VM Thread"                           [id=13348, stack(0x0000003a17a00000,0x0000003a17b00000) (1024K)]
  0x00000183530f2a70 WatcherThread "VM Periodic Task Thread"        [id=4428, stack(0x0000003a17900000,0x0000003a17a00000) (1024K)]
  0x000001833667f180 WorkerThread "GC Thread#0"                     [id=27136, stack(0x0000003a17400000,0x0000003a17500000) (1024K)]
  0x00000183996a76c0 WorkerThread "GC Thread#1"                     [id=6796, stack(0x0000003a19500000,0x0000003a19600000) (1024K)]
  0x00000183996a7a70 WorkerThread "GC Thread#2"                     [id=27448, stack(0x0000003a19600000,0x0000003a19700000) (1024K)]
  0x00000183996a8230 WorkerThread "GC Thread#3"                     [id=27712, stack(0x0000003a19700000,0x0000003a19800000) (1024K)]
  0x00000183996a85e0 WorkerThread "GC Thread#4"                     [id=23188, stack(0x0000003a19800000,0x0000003a19900000) (1024K)]
  0x00000183996a8990 WorkerThread "GC Thread#5"                     [id=27256, stack(0x0000003a19900000,0x0000003a19a00000) (1024K)]
  0x0000018336692680 ConcurrentGCThread "G1 Main Marker"            [id=20812, stack(0x0000003a17500000,0x0000003a17600000) (1024K)]
  0x0000018336694e40 WorkerThread "G1 Conc#0"                       [id=17472, stack(0x0000003a17600000,0x0000003a17700000) (1024K)]
  0x00000183366ee730 ConcurrentGCThread "G1 Refine#0"               [id=28300, stack(0x0000003a17700000,0x0000003a17800000) (1024K)]
  0x00000183366eeb70 ConcurrentGCThread "G1 Service"                [id=7624, stack(0x0000003a17800000,0x0000003a17900000) (1024K)]
Total: 12

Threads with active compile tasks:
Total: 0

VM state: not at safepoint (normal execution)

VM Mutex/Monitor currently owned by a thread:  ([mutex/lock_event])
[0x00007ffbb16c45c0] Heap_lock - owner thread: 0x00000183996b8070

Heap address: 0x000000008ac00000, size: 1876 MB, Compressed Oops mode: 32-bit

CDS archive(s) mapped at: [0x0000018354000000-0x0000018354d40000-0x0000018354d40000), size 13893632, SharedBaseAddress: 0x0000018354000000, ArchiveRelocationMode: 1.
Compressed class space mapped at: 0x0000018355000000-0x0000018395000000, reserved size: 1073741824
UseCompressedClassPointers 1, UseCompactObjectHeaders 0
Narrow klass pointer bits 32, Max shift 3
Narrow klass base: 0x0000018354000000, Narrow klass shift: 0
Encoding Range: [0x0000018354000000 - 0x0000018454000000), (4294967296 bytes)
Klass Range:    [0x0000018354000000 - 0x0000018395000000), (1090519040 bytes)
Klass ID Range:  [8 - 1090519033) (1090519025)

GC Precious Log:
 CardTable entry size: 512
 Card Set container configuration: InlinePtr #cards 5 size 8 Array Of Cards #cards 10 size 36 Howl #buckets 4 coarsen threshold 1843 Howl Bitmap #cards 512 size 80 coarsen threshold 460 Card regions per heap region 1 cards per card region 2048
 CPUs: 12 total, 12 available
 Memory: 7501M
 Large Page Support: Disabled
 NUMA Support: Disabled
 Compressed Oops: Enabled (32-bit)
 Heap Region Size: 1M
 Heap Min Capacity: 8M
 Heap Initial Capacity: 118M
 Heap Max Capacity: 1876M
 Pre-touch: Disabled
 Parallel Workers: 10
 Concurrent Workers: 3
 Concurrent Refinement Workers: 10
 Periodic GC: Disabled

Heap:
 garbage-first heap   total reserved 1921024K, committed 160768K, used 4212K [0x000000008ac00000, 0x0000000100000000)
  region size 1024K, 3 young (3072K), 3 survivors (3072K)
 Metaspace       used 9210K, committed 9408K, reserved 1114112K
  class space    used 894K, committed 1024K, reserved 1048576K

Heap Regions: E=young(eden), S=young(survivor), O=old, HS=humongous(starts), HC=humongous(continues), CS=collection set, F=free, TAMS=top-at-mark-start, PB=parsable bottom
|   0|0x000000008ac00000, 0x000000008ac00000, 0x000000008ad00000|  0%| F|  |TAMS 0x000000008ac00000| PB 0x000000008ac00000| Untracked |  0
|   1|0x000000008ad00000, 0x000000008ad00000, 0x000000008ae00000|  0%| F|  |TAMS 0x000000008ad00000| PB 0x000000008ad00000| Untracked |  0
|   2|0x000000008ae00000, 0x000000008ae00000, 0x000000008af00000|  0%| F|  |TAMS 0x000000008ae00000| PB 0x000000008ae00000| Untracked |  0
|   3|0x000000008af00000, 0x000000008af00000, 0x000000008b000000|  0%| F|  |TAMS 0x000000008af00000| PB 0x000000008af00000| Untracked |  0
|   4|0x000000008b000000, 0x000000008b000000, 0x000000008b100000|  0%| F|  |TAMS 0x000000008b000000| PB 0x000000008b000000| Untracked |  0
|   5|0x000000008b100000, 0x000000008b100000, 0x000000008b200000|  0%| F|  |TAMS 0x000000008b100000| PB 0x000000008b100000| Untracked |  0
|   6|0x000000008b200000, 0x000000008b200000, 0x000000008b300000|  0%| F|  |TAMS 0x000000008b200000| PB 0x000000008b200000| Untracked |  0
|   7|0x000000008b300000, 0x000000008b300000, 0x000000008b400000|  0%| F|  |TAMS 0x000000008b300000| PB 0x000000008b300000| Untracked |  0
|   8|0x000000008b400000, 0x000000008b400000, 0x000000008b500000|  0%| F|  |TAMS 0x000000008b400000| PB 0x000000008b400000| Untracked |  0
|   9|0x000000008b500000, 0x000000008b500000, 0x000000008b600000|  0%| F|  |TAMS 0x000000008b500000| PB 0x000000008b500000| Untracked |  0
|  10|0x000000008b600000, 0x000000008b600000, 0x000000008b700000|  0%| F|  |TAMS 0x000000008b600000| PB 0x000000008b600000| Untracked |  0
|  11|0x000000008b700000, 0x000000008b700000, 0x000000008b800000|  0%| F|  |TAMS 0x000000008b700000| PB 0x000000008b700000| Untracked |  0
|  12|0x000000008b800000, 0x000000008b800000, 0x000000008b900000|  0%| F|  |TAMS 0x000000008b800000| PB 0x000000008b800000| Untracked |  0
|  13|0x000000008b900000, 0x000000008b900000, 0x000000008ba00000|  0%| F|  |TAMS 0x000000008b900000| PB 0x000000008b900000| Untracked |  0
|  14|0x000000008ba00000, 0x000000008ba00000, 0x000000008bb00000|  0%| F|  |TAMS 0x000000008ba00000| PB 0x000000008ba00000| Untracked |  0
|  15|0x000000008bb00000, 0x000000008bb00000, 0x000000008bc00000|  0%| F|  |TAMS 0x000000008bb00000| PB 0x000000008bb00000| Untracked |  0
|  16|0x000000008bc00000, 0x000000008bc00000, 0x000000008bd00000|  0%| F|  |TAMS 0x000000008bc00000| PB 0x000000008bc00000| Untracked |  0
|  17|0x000000008bd00000, 0x000000008bd00000, 0x000000008be00000|  0%| F|  |TAMS 0x000000008bd00000| PB 0x000000008bd00000| Untracked |  0
|  18|0x000000008be00000, 0x000000008be00000, 0x000000008bf00000|  0%| F|  |TAMS 0x000000008be00000| PB 0x000000008be00000| Untracked |  0
|  19|0x000000008bf00000, 0x000000008bf00000, 0x000000008c000000|  0%| F|  |TAMS 0x000000008bf00000| PB 0x000000008bf00000| Untracked |  0
|  20|0x000000008c000000, 0x000000008c000000, 0x000000008c100000|  0%| F|  |TAMS 0x000000008c000000| PB 0x000000008c000000| Untracked |  0
|  21|0x000000008c100000, 0x000000008c100000, 0x000000008c200000|  0%| F|  |TAMS 0x000000008c100000| PB 0x000000008c100000| Untracked |  0
|  22|0x000000008c200000, 0x000000008c200000, 0x000000008c300000|  0%| F|  |TAMS 0x000000008c200000| PB 0x000000008c200000| Untracked |  0
|  23|0x000000008c300000, 0x000000008c300000, 0x000000008c400000|  0%| F|  |TAMS 0x000000008c300000| PB 0x000000008c300000| Untracked |  0
|  24|0x000000008c400000, 0x000000008c400000, 0x000000008c500000|  0%| F|  |TAMS 0x000000008c400000| PB 0x000000008c400000| Untracked |  0
|  25|0x000000008c500000, 0x000000008c500000, 0x000000008c600000|  0%| F|  |TAMS 0x000000008c500000| PB 0x000000008c500000| Untracked |  0
|  26|0x000000008c600000, 0x000000008c600000, 0x000000008c700000|  0%| F|  |TAMS 0x000000008c600000| PB 0x000000008c600000| Untracked |  0
|  27|0x000000008c700000, 0x000000008c700000, 0x000000008c800000|  0%| F|  |TAMS 0x000000008c700000| PB 0x000000008c700000| Untracked |  0
|  28|0x000000008c800000, 0x000000008c800000, 0x000000008c900000|  0%| F|  |TAMS 0x000000008c800000| PB 0x000000008c800000| Untracked |  0
|  29|0x000000008c900000, 0x000000008c900000, 0x000000008ca00000|  0%| F|  |TAMS 0x000000008c900000| PB 0x000000008c900000| Untracked |  0
|  30|0x000000008ca00000, 0x000000008ca00000, 0x000000008cb00000|  0%| F|  |TAMS 0x000000008ca00000| PB 0x000000008ca00000| Untracked |  0
|  31|0x000000008cb00000, 0x000000008cb00000, 0x000000008cc00000|  0%| F|  |TAMS 0x000000008cb00000| PB 0x000000008cb00000| Untracked |  0
|  32|0x000000008cc00000, 0x000000008cc00000, 0x000000008cd00000|  0%| F|  |TAMS 0x000000008cc00000| PB 0x000000008cc00000| Untracked |  0
|  33|0x000000008cd00000, 0x000000008cd00000, 0x000000008ce00000|  0%| F|  |TAMS 0x000000008cd00000| PB 0x000000008cd00000| Untracked |  0
|  34|0x000000008ce00000, 0x000000008ce00000, 0x000000008cf00000|  0%| F|  |TAMS 0x000000008ce00000| PB 0x000000008ce00000| Untracked |  0
|  35|0x000000008cf00000, 0x000000008cf00000, 0x000000008d000000|  0%| F|  |TAMS 0x000000008cf00000| PB 0x000000008cf00000| Untracked |  0
|  36|0x000000008d000000, 0x000000008d000000, 0x000000008d100000|  0%| F|  |TAMS 0x000000008d000000| PB 0x000000008d000000| Untracked |  0
|  37|0x000000008d100000, 0x000000008d100000, 0x000000008d200000|  0%| F|  |TAMS 0x000000008d100000| PB 0x000000008d100000| Untracked |  0
|  38|0x000000008d200000, 0x000000008d200000, 0x000000008d300000|  0%| F|  |TAMS 0x000000008d200000| PB 0x000000008d200000| Untracked |  0
|  39|0x000000008d300000, 0x000000008d300000, 0x000000008d400000|  0%| F|  |TAMS 0x000000008d300000| PB 0x000000008d300000| Untracked |  0
|  40|0x000000008d400000, 0x000000008d400000, 0x000000008d500000|  0%| F|  |TAMS 0x000000008d400000| PB 0x000000008d400000| Untracked |  0
|  41|0x000000008d500000, 0x000000008d500000, 0x000000008d600000|  0%| F|  |TAMS 0x000000008d500000| PB 0x000000008d500000| Untracked |  0
|  42|0x000000008d600000, 0x000000008d600000, 0x000000008d700000|  0%| F|  |TAMS 0x000000008d600000| PB 0x000000008d600000| Untracked |  0
|  43|0x000000008d700000, 0x000000008d700000, 0x000000008d800000|  0%| F|  |TAMS 0x000000008d700000| PB 0x000000008d700000| Untracked |  0
|  44|0x000000008d800000, 0x000000008d800000, 0x000000008d900000|  0%| F|  |TAMS 0x000000008d800000| PB 0x000000008d800000| Untracked |  0
|  45|0x000000008d900000, 0x000000008d900000, 0x000000008da00000|  0%| F|  |TAMS 0x000000008d900000| PB 0x000000008d900000| Untracked |  0
|  46|0x000000008da00000, 0x000000008da00000, 0x000000008db00000|  0%| F|  |TAMS 0x000000008da00000| PB 0x000000008da00000| Untracked |  0
|  47|0x000000008db00000, 0x000000008db00000, 0x000000008dc00000|  0%| F|  |TAMS 0x000000008db00000| PB 0x000000008db00000| Untracked |  0
|  48|0x000000008dc00000, 0x000000008dc00000, 0x000000008dd00000|  0%| F|  |TAMS 0x000000008dc00000| PB 0x000000008dc00000| Untracked |  0
|  49|0x000000008dd00000, 0x000000008dd00000, 0x000000008de00000|  0%| F|  |TAMS 0x000000008dd00000| PB 0x000000008dd00000| Untracked |  0
|  50|0x000000008de00000, 0x000000008de00000, 0x000000008df00000|  0%| F|  |TAMS 0x000000008de00000| PB 0x000000008de00000| Untracked |  0
|  51|0x000000008df00000, 0x000000008df00000, 0x000000008e000000|  0%| F|  |TAMS 0x000000008df00000| PB 0x000000008df00000| Untracked |  0
|  52|0x000000008e000000, 0x000000008e000000, 0x000000008e100000|  0%| F|  |TAMS 0x000000008e000000| PB 0x000000008e000000| Untracked |  0
|  53|0x000000008e100000, 0x000000008e100000, 0x000000008e200000|  0%| F|  |TAMS 0x000000008e100000| PB 0x000000008e100000| Untracked |  0
|  54|0x000000008e200000, 0x000000008e200000, 0x000000008e300000|  0%| F|  |TAMS 0x000000008e200000| PB 0x000000008e200000| Untracked |  0
|  55|0x000000008e300000, 0x000000008e300000, 0x000000008e400000|  0%| F|  |TAMS 0x000000008e300000| PB 0x000000008e300000| Untracked |  0
|  56|0x000000008e400000, 0x000000008e400000, 0x000000008e500000|  0%| F|  |TAMS 0x000000008e400000| PB 0x000000008e400000| Untracked |  0
|  57|0x000000008e500000, 0x000000008e500000, 0x000000008e600000|  0%| F|  |TAMS 0x000000008e500000| PB 0x000000008e500000| Untracked |  0
|  58|0x000000008e600000, 0x000000008e600000, 0x000000008e700000|  0%| F|  |TAMS 0x000000008e600000| PB 0x000000008e600000| Untracked |  0
|  59|0x000000008e700000, 0x000000008e700000, 0x000000008e800000|  0%| F|  |TAMS 0x000000008e700000| PB 0x000000008e700000| Untracked |  0
|  60|0x000000008e800000, 0x000000008e800000, 0x000000008e900000|  0%| F|  |TAMS 0x000000008e800000| PB 0x000000008e800000| Untracked |  0
|  61|0x000000008e900000, 0x000000008e900000, 0x000000008ea00000|  0%| F|  |TAMS 0x000000008e900000| PB 0x000000008e900000| Untracked |  0
|  62|0x000000008ea00000, 0x000000008ea00000, 0x000000008eb00000|  0%| F|  |TAMS 0x000000008ea00000| PB 0x000000008ea00000| Untracked |  0
|  63|0x000000008eb00000, 0x000000008eb00000, 0x000000008ec00000|  0%| F|  |TAMS 0x000000008eb00000| PB 0x000000008eb00000| Untracked |  0
|  64|0x000000008ec00000, 0x000000008ec00000, 0x000000008ed00000|  0%| F|  |TAMS 0x000000008ec00000| PB 0x000000008ec00000| Untracked |  0
|  65|0x000000008ed00000, 0x000000008ed00000, 0x000000008ee00000|  0%| F|  |TAMS 0x000000008ed00000| PB 0x000000008ed00000| Untracked |  0
|  66|0x000000008ee00000, 0x000000008ee00000, 0x000000008ef00000|  0%| F|  |TAMS 0x000000008ee00000| PB 0x000000008ee00000| Untracked |  0
|  67|0x000000008ef00000, 0x000000008ef00000, 0x000000008f000000|  0%| F|  |TAMS 0x000000008ef00000| PB 0x000000008ef00000| Untracked |  0
|  68|0x000000008f000000, 0x000000008f000000, 0x000000008f100000|  0%| F|  |TAMS 0x000000008f000000| PB 0x000000008f000000| Untracked |  0
|  69|0x000000008f100000, 0x000000008f100000, 0x000000008f200000|  0%| F|  |TAMS 0x000000008f100000| PB 0x000000008f100000| Untracked |  0
|  70|0x000000008f200000, 0x000000008f200000, 0x000000008f300000|  0%| F|  |TAMS 0x000000008f200000| PB 0x000000008f200000| Untracked |  0
|  71|0x000000008f300000, 0x000000008f300000, 0x000000008f400000|  0%| F|  |TAMS 0x000000008f300000| PB 0x000000008f300000| Untracked |  0
|  72|0x000000008f400000, 0x000000008f400000, 0x000000008f500000|  0%| F|  |TAMS 0x000000008f400000| PB 0x000000008f400000| Untracked |  0
|  73|0x000000008f500000, 0x000000008f500000, 0x000000008f600000|  0%| F|  |TAMS 0x000000008f500000| PB 0x000000008f500000| Untracked |  0
|  74|0x000000008f600000, 0x000000008f600000, 0x000000008f700000|  0%| F|  |TAMS 0x000000008f600000| PB 0x000000008f600000| Untracked |  0
|  75|0x000000008f700000, 0x000000008f700000, 0x000000008f800000|  0%| F|  |TAMS 0x000000008f700000| PB 0x000000008f700000| Untracked |  0
|  76|0x000000008f800000, 0x000000008f800000, 0x000000008f900000|  0%| F|  |TAMS 0x000000008f800000| PB 0x000000008f800000| Untracked |  0
|  77|0x000000008f900000, 0x000000008f900000, 0x000000008fa00000|  0%| F|  |TAMS 0x000000008f900000| PB 0x000000008f900000| Untracked |  0
|  78|0x000000008fa00000, 0x000000008fa00000, 0x000000008fb00000|  0%| F|  |TAMS 0x000000008fa00000| PB 0x000000008fa00000| Untracked |  0
|  79|0x000000008fb00000, 0x000000008fb00000, 0x000000008fc00000|  0%| F|  |TAMS 0x000000008fb00000| PB 0x000000008fb00000| Untracked |  0
|  80|0x000000008fc00000, 0x000000008fc00000, 0x000000008fd00000|  0%| F|  |TAMS 0x000000008fc00000| PB 0x000000008fc00000| Untracked |  0
|  81|0x000000008fd00000, 0x000000008fd00000, 0x000000008fe00000|  0%| F|  |TAMS 0x000000008fd00000| PB 0x000000008fd00000| Untracked |  0
|  82|0x000000008fe00000, 0x000000008fe00000, 0x000000008ff00000|  0%| F|  |TAMS 0x000000008fe00000| PB 0x000000008fe00000| Untracked |  0
|  83|0x000000008ff00000, 0x000000008ff00000, 0x0000000090000000|  0%| F|  |TAMS 0x000000008ff00000| PB 0x000000008ff00000| Untracked |  0
|  84|0x0000000090000000, 0x0000000090000000, 0x0000000090100000|  0%| F|  |TAMS 0x0000000090000000| PB 0x0000000090000000| Untracked |  0
|  85|0x0000000090100000, 0x0000000090100000, 0x0000000090200000|  0%| F|  |TAMS 0x0000000090100000| PB 0x0000000090100000| Untracked |  0
|  86|0x0000000090200000, 0x0000000090200000, 0x0000000090300000|  0%| F|  |TAMS 0x0000000090200000| PB 0x0000000090200000| Untracked |  0
|  87|0x0000000090300000, 0x0000000090300000, 0x0000000090400000|  0%| F|  |TAMS 0x0000000090300000| PB 0x0000000090300000| Untracked |  0
|  88|0x0000000090400000, 0x0000000090400000, 0x0000000090500000|  0%| F|  |TAMS 0x0000000090400000| PB 0x0000000090400000| Untracked |  0
|  89|0x0000000090500000, 0x0000000090500000, 0x0000000090600000|  0%| F|  |TAMS 0x0000000090500000| PB 0x0000000090500000| Untracked |  0
|  90|0x0000000090600000, 0x0000000090600000, 0x0000000090700000|  0%| F|  |TAMS 0x0000000090600000| PB 0x0000000090600000| Untracked |  0
|  91|0x0000000090700000, 0x0000000090700000, 0x0000000090800000|  0%| F|  |TAMS 0x0000000090700000| PB 0x0000000090700000| Untracked |  0
|  92|0x0000000090800000, 0x0000000090800000, 0x0000000090900000|  0%| F|  |TAMS 0x0000000090800000| PB 0x0000000090800000| Untracked |  0
|  93|0x0000000090900000, 0x0000000090900000, 0x0000000090a00000|  0%| F|  |TAMS 0x0000000090900000| PB 0x0000000090900000| Untracked |  0
|  94|0x0000000090a00000, 0x0000000090a00000, 0x0000000090b00000|  0%| F|  |TAMS 0x0000000090a00000| PB 0x0000000090a00000| Untracked |  0
|  95|0x0000000090b00000, 0x0000000090b00000, 0x0000000090c00000|  0%| F|  |TAMS 0x0000000090b00000| PB 0x0000000090b00000| Untracked |  0
|  96|0x0000000090c00000, 0x0000000090c00000, 0x0000000090d00000|  0%| F|  |TAMS 0x0000000090c00000| PB 0x0000000090c00000| Untracked |  0
|  97|0x0000000090d00000, 0x0000000090d00000, 0x0000000090e00000|  0%| F|  |TAMS 0x0000000090d00000| PB 0x0000000090d00000| Untracked |  0
|  98|0x0000000090e00000, 0x0000000090e00000, 0x0000000090f00000|  0%| F|  |TAMS 0x0000000090e00000| PB 0x0000000090e00000| Untracked |  0
|  99|0x0000000090f00000, 0x0000000090f00000, 0x0000000091000000|  0%| F|  |TAMS 0x0000000090f00000| PB 0x0000000090f00000| Untracked |  0
| 100|0x0000000091000000, 0x0000000091000000, 0x0000000091100000|  0%| F|  |TAMS 0x0000000091000000| PB 0x0000000091000000| Untracked |  0
| 101|0x0000000091100000, 0x0000000091200000, 0x0000000091200000|100%| S|CS|TAMS 0x0000000091100000| PB 0x0000000091100000| Complete |  0
| 102|0x0000000091200000, 0x0000000091300000, 0x0000000091300000|100%| S|CS|TAMS 0x0000000091200000| PB 0x0000000091200000| Complete |  0
| 103|0x0000000091300000, 0x0000000091400000, 0x0000000091400000|100%| S|CS|TAMS 0x0000000091300000| PB 0x0000000091300000| Complete |  0
| 104|0x0000000091400000, 0x0000000091400000, 0x0000000091500000|  0%| F|  |TAMS 0x0000000091400000| PB 0x0000000091400000| Untracked |  0
| 105|0x0000000091500000, 0x0000000091500000, 0x0000000091600000|  0%| F|  |TAMS 0x0000000091500000| PB 0x0000000091500000| Untracked |  0
| 106|0x0000000091600000, 0x0000000091600000, 0x0000000091700000|  0%| F|  |TAMS 0x0000000091600000| PB 0x0000000091600000| Untracked |  0
| 107|0x0000000091700000, 0x0000000091700000, 0x0000000091800000|  0%| F|  |TAMS 0x0000000091700000| PB 0x0000000091700000| Untracked |  0
| 108|0x0000000091800000, 0x0000000091800000, 0x0000000091900000|  0%| F|  |TAMS 0x0000000091800000| PB 0x0000000091800000| Untracked |  0
| 109|0x0000000091900000, 0x0000000091900000, 0x0000000091a00000|  0%| F|  |TAMS 0x0000000091900000| PB 0x0000000091900000| Untracked |  0
| 110|0x0000000091a00000, 0x0000000091a00000, 0x0000000091b00000|  0%| F|  |TAMS 0x0000000091a00000| PB 0x0000000091a00000| Untracked |  0
| 111|0x0000000091b00000, 0x0000000091b00000, 0x0000000091c00000|  0%| F|  |TAMS 0x0000000091b00000| PB 0x0000000091b00000| Untracked |  0
| 112|0x0000000091c00000, 0x0000000091c00000, 0x0000000091d00000|  0%| F|  |TAMS 0x0000000091c00000| PB 0x0000000091c00000| Untracked |  0
| 113|0x0000000091d00000, 0x0000000091d00000, 0x0000000091e00000|  0%| F|  |TAMS 0x0000000091d00000| PB 0x0000000091d00000| Untracked |  0
| 114|0x0000000091e00000, 0x0000000091e00000, 0x0000000091f00000|  0%| F|  |TAMS 0x0000000091e00000| PB 0x0000000091e00000| Untracked |  0
| 115|0x0000000091f00000, 0x0000000091f00000, 0x0000000092000000|  0%| F|  |TAMS 0x0000000091f00000| PB 0x0000000091f00000| Untracked |  0
| 116|0x0000000092000000, 0x0000000092000000, 0x0000000092100000|  0%| F|  |TAMS 0x0000000092000000| PB 0x0000000092000000| Untracked |  0
| 117|0x0000000092100000, 0x0000000092100000, 0x0000000092200000|  0%| F|  |TAMS 0x0000000092100000| PB 0x0000000092100000| Untracked |  0
| 118|0x0000000092200000, 0x0000000092200000, 0x0000000092300000|  0%| F|  |TAMS 0x0000000092200000| PB 0x0000000092200000| Untracked |  0
| 119|0x0000000092300000, 0x0000000092300000, 0x0000000092400000|  0%| F|  |TAMS 0x0000000092300000| PB 0x0000000092300000| Untracked |  0
| 120|0x0000000092400000, 0x0000000092400000, 0x0000000092500000|  0%| F|  |TAMS 0x0000000092400000| PB 0x0000000092400000| Untracked |  0
| 121|0x0000000092500000, 0x0000000092500000, 0x0000000092600000|  0%| F|  |TAMS 0x0000000092500000| PB 0x0000000092500000| Untracked |  0
| 122|0x0000000092600000, 0x0000000092600000, 0x0000000092700000|  0%| F|  |TAMS 0x0000000092600000| PB 0x0000000092600000| Untracked |  0
| 123|0x0000000092700000, 0x0000000092700000, 0x0000000092800000|  0%| F|  |TAMS 0x0000000092700000| PB 0x0000000092700000| Untracked |  0
| 124|0x0000000092800000, 0x0000000092800000, 0x0000000092900000|  0%| F|  |TAMS 0x0000000092800000| PB 0x0000000092800000| Untracked |  0
| 125|0x0000000092900000, 0x0000000092900000, 0x0000000092a00000|  0%| F|  |TAMS 0x0000000092900000| PB 0x0000000092900000| Untracked |  0
| 126|0x0000000092a00000, 0x0000000092a00000, 0x0000000092b00000|  0%| F|  |TAMS 0x0000000092a00000| PB 0x0000000092a00000| Untracked |  0
| 127|0x0000000092b00000, 0x0000000092b00000, 0x0000000092c00000|  0%| F|  |TAMS 0x0000000092b00000| PB 0x0000000092b00000| Untracked |  0
| 128|0x0000000092c00000, 0x0000000092c00000, 0x0000000092d00000|  0%| F|  |TAMS 0x0000000092c00000| PB 0x0000000092c00000| Untracked |  0
| 129|0x0000000092d00000, 0x0000000092d00000, 0x0000000092e00000|  0%| F|  |TAMS 0x0000000092d00000| PB 0x0000000092d00000| Untracked |  0
| 130|0x0000000092e00000, 0x0000000092e00000, 0x0000000092f00000|  0%| F|  |TAMS 0x0000000092e00000| PB 0x0000000092e00000| Untracked |  0
| 131|0x0000000092f00000, 0x0000000092f00000, 0x0000000093000000|  0%| F|  |TAMS 0x0000000092f00000| PB 0x0000000092f00000| Untracked |  0
| 132|0x0000000093000000, 0x0000000093000000, 0x0000000093100000|  0%| F|  |TAMS 0x0000000093000000| PB 0x0000000093000000| Untracked |  0
| 133|0x0000000093100000, 0x0000000093100000, 0x0000000093200000|  0%| F|  |TAMS 0x0000000093100000| PB 0x0000000093100000| Untracked |  0
| 134|0x0000000093200000, 0x0000000093200000, 0x0000000093300000|  0%| F|  |TAMS 0x0000000093200000| PB 0x0000000093200000| Untracked |  0
| 135|0x0000000093300000, 0x0000000093300000, 0x0000000093400000|  0%| F|  |TAMS 0x0000000093300000| PB 0x0000000093300000| Untracked |  0
| 136|0x0000000093400000, 0x0000000093400000, 0x0000000093500000|  0%| F|  |TAMS 0x0000000093400000| PB 0x0000000093400000| Untracked |  0
| 137|0x0000000093500000, 0x0000000093500000, 0x0000000093600000|  0%| F|  |TAMS 0x0000000093500000| PB 0x0000000093500000| Untracked |  0
| 138|0x0000000093600000, 0x0000000093600000, 0x0000000093700000|  0%| F|  |TAMS 0x0000000093600000| PB 0x0000000093600000| Untracked |  0
| 139|0x0000000093700000, 0x0000000093700000, 0x0000000093800000|  0%| F|  |TAMS 0x0000000093700000| PB 0x0000000093700000| Untracked |  0
| 140|0x0000000093800000, 0x0000000093800000, 0x0000000093900000|  0%| F|  |TAMS 0x0000000093800000| PB 0x0000000093800000| Untracked |  0
| 141|0x0000000093900000, 0x0000000093900000, 0x0000000093a00000|  0%| F|  |TAMS 0x0000000093900000| PB 0x0000000093900000| Untracked |  0
| 142|0x0000000093a00000, 0x0000000093a00000, 0x0000000093b00000|  0%| F|  |TAMS 0x0000000093a00000| PB 0x0000000093a00000| Untracked |  0
| 143|0x0000000093b00000, 0x0000000093b00000, 0x0000000093c00000|  0%| F|  |TAMS 0x0000000093b00000| PB 0x0000000093b00000| Untracked |  0
| 144|0x0000000093c00000, 0x0000000093c00000, 0x0000000093d00000|  0%| F|  |TAMS 0x0000000093c00000| PB 0x0000000093c00000| Untracked |  0
| 145|0x0000000093d00000, 0x0000000093d00000, 0x0000000093e00000|  0%| F|  |TAMS 0x0000000093d00000| PB 0x0000000093d00000| Untracked |  0
| 146|0x0000000093e00000, 0x0000000093e00000, 0x0000000093f00000|  0%| F|  |TAMS 0x0000000093e00000| PB 0x0000000093e00000| Untracked |  0
| 147|0x0000000093f00000, 0x0000000093f00000, 0x0000000094000000|  0%| F|  |TAMS 0x0000000093f00000| PB 0x0000000093f00000| Untracked |  0
| 148|0x0000000094000000, 0x0000000094000000, 0x0000000094100000|  0%| F|  |TAMS 0x0000000094000000| PB 0x0000000094000000| Untracked |  0
| 149|0x0000000094100000, 0x0000000094100000, 0x0000000094200000|  0%| F|  |TAMS 0x0000000094100000| PB 0x0000000094100000| Untracked |  0
| 150|0x0000000094200000, 0x0000000094200000, 0x0000000094300000|  0%| F|  |TAMS 0x0000000094200000| PB 0x0000000094200000| Untracked |  0
| 151|0x0000000094300000, 0x0000000094300000, 0x0000000094400000|  0%| F|  |TAMS 0x0000000094300000| PB 0x0000000094300000| Untracked |  0
| 152|0x0000000094400000, 0x0000000094400000, 0x0000000094500000|  0%| F|  |TAMS 0x0000000094400000| PB 0x0000000094400000| Untracked |  0
| 153|0x0000000094500000, 0x0000000094500000, 0x0000000094600000|  0%| F|  |TAMS 0x0000000094500000| PB 0x0000000094500000| Untracked |  0
| 154|0x0000000094600000, 0x0000000094600000, 0x0000000094700000|  0%| F|  |TAMS 0x0000000094600000| PB 0x0000000094600000| Untracked |  0
|1874|0x00000000ffe00000, 0x00000000fff00000, 0x00000000fff00000|100%| O|  |TAMS 0x00000000ffe00000| PB 0x00000000ffe00000| Untracked |  0
|1875|0x00000000fff00000, 0x00000000fff1d3c0, 0x0000000100000000| 11%| O|  |TAMS 0x00000000fff00000| PB 0x00000000fff00000| Untracked |  0

Card table byte_map: [0x000001834e6c0000,0x000001834ea70000] _byte_map_base: 0x000001834e26a000

Marking Bits: (CMBitMap*) 0x000001833667f7a0
 Bits: [0x000001834ea70000, 0x00000183507c0000)

Polling page: 0x00000183343e0000

Metaspace:

Usage:
  Non-class:      8.12 MB used.
      Class:    894.42 KB used.
       Both:      8.99 MB used.

Virtual space:
  Non-class space:       64.00 MB reserved,       8.19 MB ( 13%) committed,  1 nodes.
      Class space:        1.00 GB reserved,       1.00 MB ( <1%) committed,  1 nodes.
             Both:        1.06 GB reserved,       9.19 MB ( <1%) committed. 

Chunk freelists:
   Non-Class:  7.00 MB
       Class:  15.05 MB
        Both:  22.05 MB

MaxMetaspaceSize: unlimited
CompressedClassSpaceSize: 1.00 GB
Initial GC threshold: 21.00 MB
Current GC threshold: 21.00 MB
CDS: on
 - commit_granule_bytes: 65536.
 - commit_granule_words: 8192.
 - virtual_space_node_default_size: 8388608.
 - enlarge_chunks_in_place: 1.
UseCompressedClassPointers 1, UseCompactObjectHeaders 0
Narrow klass pointer bits 32, Max shift 3
Narrow klass base: 0x0000018354000000, Narrow klass shift: 0
Encoding Range: [0x0000018354000000 - 0x0000018454000000), (4294967296 bytes)
Klass Range:    [0x0000018354000000 - 0x0000018395000000), (1090519040 bytes)
Klass ID Range:  [8 - 1090519033) (1090519025)


Internal statistics:

num_allocs_failed_limit: 0.
num_arena_births: 86.
num_arena_deaths: 0.
num_vsnodes_births: 2.
num_vsnodes_deaths: 0.
num_space_committed: 147.
num_space_uncommitted: 0.
num_chunks_returned_to_freelist: 0.
num_chunks_taken_from_freelist: 117.
num_chunk_merges: 0.
num_chunk_splits: 71.
num_chunks_enlarged: 43.
num_inconsistent_stats: 0.

CodeHeap 'non-profiled nmethods': size=120064Kb used=242Kb max_used=242Kb free=119821Kb
 bounds [0x0000018346990000, 0x0000018346c00000, 0x000001834ded0000]
CodeHeap 'profiled nmethods': size=120000Kb used=1474Kb max_used=1474Kb free=118525Kb
 bounds [0x000001833eed0000, 0x000001833f140000, 0x0000018346400000]
CodeHeap 'non-nmethods': size=5696Kb used=1425Kb max_used=1441Kb free=4270Kb
 bounds [0x0000018346400000, 0x0000018346670000, 0x0000018346990000]
CodeCache: size=245760Kb, used=3141Kb, max_used=3157Kb, free=242616Kb
 total_blobs=1519, nmethods=920, adapters=505, full_count=0
Compilation: enabled, stopped_count=0, restarted_count=0

Compilation events (20 events):
Event: 0.533 Thread 0x0000018353470090 nmethod 909 0x00000183469cb308 code [0x00000183469cb400, 0x00000183469cb4c8]
Event: 0.535 Thread 0x0000018353470090  911 % !   3       sun.awt.image.PNGImageDecoder::produceImage @ 960 (1917 bytes)
Event: 0.535 Thread 0x0000018399679060 nmethod 910% 0x00000183469cb608 code [0x00000183469cb720, 0x00000183469cb9c8]
Event: 0.535 Thread 0x000001835311d2c0  913 %     4       sun.awt.image.PNGImageDecoder::filterRow @ 47 (460 bytes)
Event: 0.537 Thread 0x0000018399679060  915       4       jdk.internal.classfile.impl.EntryMap::firstToken (50 bytes)
Event: 0.538 Thread 0x0000018399679060 nmethod 915 0x00000183469cba08 code [0x00000183469cbb20, 0x00000183469cbc40]
Event: 0.539 Thread 0x0000018399679060  916       4       jdk.internal.constant.MethodTypeDescImpl::parameterType (7 bytes)
Event: 0.539 Thread 0x0000018399679060 nmethod 916 0x00000183469cbd08 code [0x00000183469cbe00, 0x00000183469cbeb8]
Event: 0.541 Thread 0x0000018353470090 nmethod 911% 0x000001833f037d88 code [0x000001833f038500, 0x000001833f03ea00]
Event: 0.541 Thread 0x0000018353470090  919       3       java.util.concurrent.ConcurrentHashMap$BaseIterator::hasNext (13 bytes)
Event: 0.542 Thread 0x0000018353470090 nmethod 919 0x000001833f03eb08 code [0x000001833f03ec20, 0x000001833f03ed78]
Event: 0.542 Thread 0x0000018353470090  912  s    3       java.io.BufferedInputStream::read (49 bytes)
Event: 0.542 Thread 0x0000018353470090 nmethod 912 0x000001833f03ee08 code [0x000001833f03ef60, 0x000001833f03f3c8]
Event: 0.542 Thread 0x0000018353470090  918       3       java.lang.invoke.MemberName$Factory::resolveOrFail (83 bytes)
Event: 0.542 Thread 0x0000018353470090 nmethod 918 0x000001833f03f408 code [0x000001833f03f5a0, 0x000001833f03feb0]
Event: 0.542 Thread 0x0000018353470090  917       3       java.lang.invoke.MethodHandleNatives::canBeCalledVirtual (49 bytes)
Event: 0.543 Thread 0x0000018353470090 nmethod 917 0x000001833f03ff08 code [0x000001833f040080, 0x000001833f040678]
Event: 0.543 Thread 0x0000018353470090  914       3       java.awt.ImageMediaEntry::parseflags (31 bytes)
Event: 0.543 Thread 0x000001835311d2c0 nmethod 913% 0x00000183469cc008 code [0x00000183469cc120, 0x00000183469cc630]
Event: 0.543 Thread 0x0000018353470090 nmethod 914 0x000001833f040708 code [0x000001833f040840, 0x000001833f040a60]

GC Heap History (2 events):
Event: 0.544 GC heap before
{Heap before GC invocations=0 (full 0):
 garbage-first heap   total reserved 1921024K, committed 122880K, used 14452K [0x000000008ac00000, 0x0000000100000000)
  region size 1024K, 14 young (14336K), 0 survivors (0K)
 Metaspace       used 9210K, committed 9408K, reserved 1114112K
  class space    used 894K, committed 1024K, reserved 1048576K
}
Event: 0.548 GC heap after
{Heap after GC invocations=1 (full 0):
 garbage-first heap   total reserved 1921024K, committed 122880K, used 4212K [0x000000008ac00000, 0x0000000100000000)
  region size 1024K, 3 young (3072K), 3 survivors (3072K)
 Metaspace       used 9210K, committed 9408K, reserved 1114112K
  class space    used 894K, committed 1024K, reserved 1048576K
}

Dll operation events (10 events):
Event: 0.009 Loaded shared library C:\Program Files\Java\jdk-24\bin\java.dll
Event: 0.040 Loaded shared library C:\Program Files\Java\jdk-24\bin\jsvml.dll
Event: 0.054 Loaded shared library C:\Program Files\Java\jdk-24\bin\jimage.dll
Event: 0.072 Loaded shared library C:\Program Files\Java\jdk-24\bin\net.dll
Event: 0.074 Loaded shared library C:\Program Files\Java\jdk-24\bin\nio.dll
Event: 0.077 Loaded shared library C:\Program Files\Java\jdk-24\bin\zip.dll
Event: 0.092 Loaded shared library C:\Program Files\Java\jdk-24\bin\awt.dll
Event: 0.218 Loaded shared library C:\Program Files\Java\jdk-24\bin\freetype.dll
Event: 0.219 Loaded shared library C:\Program Files\Java\jdk-24\bin\fontmanager.dll
Event: 0.543 Loaded shared library C:\Program Files\Java\jdk-24\bin\javajpeg.dll

Deoptimization events (6 events):
Event: 0.489 Thread 0x00000183996b8070 Uncommon trap: trap_request=0xffffff4d fr.pc=0x0000018346997778 relative=0x0000000000000078
Event: 0.489 Thread 0x00000183996b8070 Uncommon trap: reason=unstable_if action=reinterpret pc=0x0000018346997778 method=jdk.internal.misc.Unsafe.convEndian(ZS)S @ 4 c2
Event: 0.489 Thread 0x00000183996b8070 DEOPT PACKING pc=0x0000018346997778 sp=0x0000003a192fdb90
Event: 0.489 Thread 0x00000183996b8070 DEOPT UNPACKING pc=0x0000018346515d02 sp=0x0000003a192fdac0 mode 2
Event: 0.489 Thread 0x00000183996b8070 DEOPT PACKING pc=0x000001833eee08b0 sp=0x0000003a192fdd40
Event: 0.489 Thread 0x00000183996b8070 DEOPT UNPACKING pc=0x0000018346455722 sp=0x0000003a192fd178 mode 0

Classes loaded (20 events):
Event: 0.524 Loading class sun/awt/image/SunWritableRaster
Event: 0.524 Loading class java/awt/image/WritableRaster
Event: 0.524 Loading class java/awt/image/WritableRaster done
Event: 0.524 Loading class sun/awt/image/SunWritableRaster done
Event: 0.524 Loading class java/awt/image/SinglePixelPackedSampleModel
Event: 0.524 Loading class java/awt/image/SampleModel
Event: 0.525 Loading class java/awt/image/SampleModel done
Event: 0.525 Loading class java/awt/image/SinglePixelPackedSampleModel done
Event: 0.525 Loading class sun/awt/image/IntegerInterleavedRaster
Event: 0.525 Loading class sun/awt/image/IntegerComponentRaster
Event: 0.525 Loading class sun/awt/image/IntegerComponentRaster done
Event: 0.525 Loading class sun/awt/image/IntegerInterleavedRaster done
Event: 0.526 Loading class java/awt/image/BufferedImage
Event: 0.526 Loading class java/awt/image/WritableRenderedImage
Event: 0.526 Loading class java/awt/image/RenderedImage
Event: 0.526 Loading class java/awt/image/RenderedImage done
Event: 0.526 Loading class java/awt/image/WritableRenderedImage done
Event: 0.526 Loading class java/awt/image/BufferedImage done
Event: 0.541 Loading class sun/awt/image/JPEGImageDecoder
Event: 0.541 Loading class sun/awt/image/JPEGImageDecoder done

Classes unloaded (0 events):
No events

Classes redefined (0 events):
No events

Internal exceptions (20 events):
Event: 0.277 Thread 0x00000183342755d0 Exception <a 'java/lang/ClassNotFoundException'{0x0000000091aac150}: ToolBar> (0x0000000091aac150) 
thrown [s\open\src\hotspot\share\classfile\systemDictionary.cpp, line 327]
Event: 0.277 Thread 0x00000183342755d0 Exception <a 'java/lang/ClassNotFoundException'{0x0000000091aac648}: ToolBar> (0x0000000091aac648) 
thrown [s\open\src\hotspot\share\classfile\systemDictionary.cpp, line 327]
Event: 0.277 Thread 0x00000183342755d0 Exception <a 'java/lang/ClassNotFoundException'{0x0000000091aac9a8}: Button> (0x0000000091aac9a8) 
thrown [s\open\src\hotspot\share\classfile\systemDictionary.cpp, line 327]
Event: 0.278 Thread 0x00000183342755d0 Exception <a 'java/lang/ClassNotFoundException'{0x0000000091aace70}: ToolBar> (0x0000000091aace70) 
thrown [s\open\src\hotspot\share\classfile\systemDictionary.cpp, line 327]
Event: 0.278 Thread 0x00000183342755d0 Exception <a 'java/lang/ClassNotFoundException'{0x0000000091aad1e0}: ToggleButton> (0x0000000091aad1e0) 
thrown [s\open\src\hotspot\share\classfile\systemDictionary.cpp, line 327]
Event: 0.278 Thread 0x00000183342755d0 Exception <a 'java/lang/ClassNotFoundException'{0x0000000091aad620}: javax/swing/JToolBarSeparator> (0x0000000091aad620) 
thrown [s\open\src\hotspot\share\classfile\systemDictionary.cpp, line 327]
Event: 0.278 Thread 0x00000183342755d0 Exception <a 'java/lang/ClassNotFoundException'{0x0000000091aad930}: ToolBarSeparator> (0x0000000091aad930) 
thrown [s\open\src\hotspot\share\classfile\systemDictionary.cpp, line 327]
Event: 0.278 Thread 0x00000183342755d0 Exception <a 'java/lang/ClassNotFoundException'{0x0000000091aade48}: ToolTip> (0x0000000091aade48) 
thrown [s\open\src\hotspot\share\classfile\systemDictionary.cpp, line 327]
Event: 0.280 Thread 0x00000183342755d0 Exception <a 'java/lang/ClassNotFoundException'{0x0000000091aae798}: Tree> (0x0000000091aae798) 
thrown [s\open\src\hotspot\share\classfile\systemDictionary.cpp, line 327]
Event: 0.280 Thread 0x00000183342755d0 Exception <a 'java/lang/ClassNotFoundException'{0x0000000091aaec90}: Tree> (0x0000000091aaec90) 
thrown [s\open\src\hotspot\share\classfile\systemDictionary.cpp, line 327]
Event: 0.280 Thread 0x00000183342755d0 Exception <a 'java/lang/ClassNotFoundException'{0x0000000091aaf000}: javax/swing/JTreeCell> (0x0000000091aaf000) 
thrown [s\open\src\hotspot\share\classfile\systemDictionary.cpp, line 327]
Event: 0.280 Thread 0x00000183342755d0 Exception <a 'java/lang/ClassNotFoundException'{0x0000000091aaf308}: TreeCell> (0x0000000091aaf308) 
thrown [s\open\src\hotspot\share\classfile\systemDictionary.cpp, line 327]
Event: 0.280 Thread 0x00000183342755d0 Exception <a 'java/lang/ClassNotFoundException'{0x0000000091aaf9f0}: RootPane> (0x0000000091aaf9f0) 
thrown [s\open\src\hotspot\share\classfile\systemDictionary.cpp, line 327]
Event: 0.283 Thread 0x00000183342755d0 Exception <a 'java/lang/ClassNotFoundException'{0x0000000091ab2760}: com/sun/swing/internal/plaf/metal/resources/spi/metalProvider> (0x0000000091ab2760) 
thrown [s\open\src\hotspot\share\classfile\systemDictionary.cpp, line 327]
Event: 0.284 Thread 0x00000183342755d0 Exception <a 'java/lang/ClassNotFoundException'{0x0000000091ab6210}: com/sun/swing/internal/plaf/basic/resources/spi/basicProvider> (0x0000000091ab6210) 
thrown [s\open\src\hotspot\share\classfile\systemDictionary.cpp, line 327]
Event: 0.380 Thread 0x0000018399448e40 Exception <a 'java/lang/ClassNotFoundException'{0x00000000919c0578}: com/sun/swing/internal/plaf/synth/resources/spi/synthProvider> (0x00000000919c0578) 
thrown [s\open\src\hotspot\share\classfile\systemDictionary.cpp, line 327]
Event: 0.396 Thread 0x0000018399448e40 Exception <a 'java/lang/NoSuchMethodError'{0x0000000091890df8}: 'int java.lang.invoke.Invokers$Holder.invokeExact_MT(java.lang.Object, java.lang.Object)'> (0x0000000091890df8) 
thrown [s\open\src\hotspot\share\interpreter\linkResolver.cpp, line 805]
Event: 0.403 Thread 0x0000018399448e40 Exception <a 'java/lang/NoSuchMethodError'{0x000000009189d2a0}: 'java.lang.Object java.lang.invoke.DirectMethodHandle$Holder.newInvokeSpecial(java.lang.Object, java.lang.Object, int)'> (0x000000009189d2a0) 
thrown [s\open\src\hotspot\share\interpreter\linkResolver.cpp, line 805]
Event: 0.406 Thread 0x0000018399448e40 Exception <a 'java/lang/NoSuchMethodError'{0x00000000918b6bd8}: 'java.lang.Object java.lang.invoke.DirectMethodHandle$Holder.invokeStatic(java.lang.Object, java.lang.Object, java.lang.Object, java.lang.Object, int)'> (0x00000000918b6bd8) 
thrown [s\open\src\hotspot\share\interpreter\linkResolver.cpp, line 805]
Event: 0.407 Thread 0x0000018399448e40 Exception <a 'java/lang/NoSuchMethodError'{0x00000000918c7f88}: 'int java.lang.invoke.DirectMethodHandle$Holder.invokeSpecial(java.lang.Object, java.lang.Object, java.lang.Object)'> (0x00000000918c7f88) 
thrown [s\open\src\hotspot\share\interpreter\linkResolver.cpp, line 805]

VM Operations (12 events):
Event: 0.213 Executing VM operation: HandshakeAllThreads (Deoptimize)
Event: 0.213 Executing VM operation: HandshakeAllThreads (Deoptimize) done
Event: 0.283 Executing VM operation: HandshakeAllThreads (Deoptimize)
Event: 0.283 Executing VM operation: HandshakeAllThreads (Deoptimize) done
Event: 0.427 Executing VM operation: HandshakeAllThreads (Deoptimize)
Event: 0.427 Executing VM operation: HandshakeAllThreads (Deoptimize) done
Event: 0.430 Executing VM operation: HandshakeAllThreads (Deoptimize)
Event: 0.430 Executing VM operation: HandshakeAllThreads (Deoptimize) done
Event: 0.514 Executing VM operation: HandshakeAllThreads (Deoptimize)
Event: 0.514 Executing VM operation: HandshakeAllThreads (Deoptimize) done
Event: 0.544 Executing VM operation: G1TryInitiateConcMark (G1 Humongous Allocation)
Event: 0.548 Executing VM operation: G1TryInitiateConcMark (G1 Humongous Allocation) done

Memory protections (0 events):
No events

Nmethod flushes (0 events):
No events

Events (20 events):
Event: 0.028 Thread 0x00000183342755d0 Thread added: 0x00000183342755d0
Event: 0.038 Thread 0x00000183342755d0 Thread added: 0x0000018353110880
Event: 0.038 Thread 0x00000183342755d0 Thread added: 0x0000018353110fc0
Event: 0.038 Thread 0x00000183342755d0 Thread added: 0x0000018353111700
Event: 0.038 Thread 0x00000183342755d0 Thread added: 0x0000018353115f80
Event: 0.039 Thread 0x00000183342755d0 Thread added: 0x000001835311a6d0
Event: 0.039 Thread 0x00000183342755d0 Thread added: 0x000001835311c850
Event: 0.039 Thread 0x00000183342755d0 Thread added: 0x000001835311d2c0
Event: 0.039 Thread 0x00000183342755d0 Thread added: 0x0000018353470090
Event: 0.044 Thread 0x00000183342755d0 Thread added: 0x0000018353511a20
Event: 0.047 Thread 0x00000183342755d0 Thread added: 0x00000183535171c0
Event: 0.134 Thread 0x00000183342755d0 Thread added: 0x0000018399219a80
Event: 0.135 Thread 0x00000183342755d0 Thread added: 0x000001835385cfd0
Event: 0.135 Thread 0x00000183342755d0 Thread added: 0x000001835385df20
Event: 0.302 Thread 0x00000183342755d0 Thread added: 0x0000018399448e40
Event: 0.302 Thread 0x00000183342755d0 Thread exited: 0x00000183342755d0
Event: 0.302 Thread 0x00000183342755d0 Thread added: 0x00000183342755d0
Event: 0.481 Thread 0x0000018399448e40 Thread added: 0x00000183996b8070
Event: 0.514 Thread 0x0000018353470090 Thread added: 0x0000018399679060
Event: 5.540 Thread 0x0000018399679060 Thread exited: 0x0000018399679060


Dynamic libraries:
0x00007ff72ebb0000 - 0x00007ff72ebc0000 	C:\Program Files\Java\jdk-24\bin\java.exe
0x00007ffc50c80000 - 0x00007ffc50ee7000 	C:\WINDOWS\SYSTEM32\ntdll.dll
0x00007ffc4f1c0000 - 0x00007ffc4f289000 	C:\WINDOWS\System32\KERNEL32.DLL
0x00007ffc4d6f0000 - 0x00007ffc4dae1000 	C:\WINDOWS\System32\KERNELBASE.dll
0x00007ffc4e750000 - 0x00007ffc4e89b000 	C:\WINDOWS\System32\ucrtbase.dll
0x00007ffbf71c0000 - 0x00007ffbf71db000 	C:\Program Files\Java\jdk-24\bin\VCRUNTIME140.dll
0x00007ffbf71e0000 - 0x00007ffbf71f6000 	C:\Program Files\Java\jdk-24\bin\jli.dll
0x00007ffc50a70000 - 0x00007ffc50c35000 	C:\WINDOWS\System32\USER32.dll
0x00007ffc30ea0000 - 0x00007ffc31133000 	C:\WINDOWS\WinSxS\amd64_microsoft.windows.common-controls_6595b64144ccf1df_6.0.26100.8037_none_3e092faae333b53b\COMCTL32.dll
0x00007ffc4d560000 - 0x00007ffc4d587000 	C:\WINDOWS\System32\win32u.dll
0x00007ffc4f010000 - 0x00007ffc4f0b9000 	C:\WINDOWS\System32\msvcrt.dll
0x00007ffc501d0000 - 0x00007ffc501fb000 	C:\WINDOWS\System32\GDI32.dll
0x00007ffc4e4d0000 - 0x00007ffc4e5fb000 	C:\WINDOWS\System32\gdi32full.dll
0x00007ffc4d640000 - 0x00007ffc4d6e3000 	C:\WINDOWS\System32\msvcp_win.dll
0x00007ffc4eaa0000 - 0x00007ffc4ead1000 	C:\WINDOWS\System32\IMM32.DLL
0x00007ffc4a970000 - 0x00007ffc4a97c000 	C:\Program Files\Java\jdk-24\bin\vcruntime140_1.dll
0x00007ffbb26f0000 - 0x00007ffbb277e000 	C:\Program Files\Java\jdk-24\bin\msvcp140.dll
0x00007ffbb0a00000 - 0x00007ffbb17a2000 	C:\Program Files\Java\jdk-24\bin\server\jvm.dll
0x00007ffc50970000 - 0x00007ffc50a2b000 	C:\WINDOWS\System32\ADVAPI32.dll
0x00007ffc50200000 - 0x00007ffc502a7000 	C:\WINDOWS\System32\sechost.dll
0x00007ffc50850000 - 0x00007ffc50968000 	C:\WINDOWS\System32\RPCRT4.dll
0x00007ffc4f290000 - 0x00007ffc4f304000 	C:\WINDOWS\System32\WS2_32.dll
0x00007ffc45b00000 - 0x00007ffc45b35000 	C:\WINDOWS\SYSTEM32\WINMM.dll
0x00007ffc45f60000 - 0x00007ffc45f6b000 	C:\WINDOWS\SYSTEM32\VERSION.dll
0x00007ffc4d3c0000 - 0x00007ffc4d41e000 	C:\WINDOWS\SYSTEM32\POWRPROF.dll
0x00007ffc4d3a0000 - 0x00007ffc4d3b4000 	C:\WINDOWS\SYSTEM32\UMPDC.dll
0x00007ffc4c2f0000 - 0x00007ffc4c30b000 	C:\WINDOWS\SYSTEM32\kernel.appcore.dll
0x00007ffc2dc30000 - 0x00007ffc2dc3a000 	C:\Program Files\Java\jdk-24\bin\jimage.dll
0x00007ffc41e00000 - 0x00007ffc42042000 	C:\WINDOWS\SYSTEM32\DBGHELP.DLL
0x00007ffc4fd40000 - 0x00007ffc500c2000 	C:\WINDOWS\System32\combase.dll
0x00007ffc500d0000 - 0x00007ffc501a7000 	C:\WINDOWS\System32\OLEAUT32.dll
0x00007ffc31640000 - 0x00007ffc3167b000 	C:\WINDOWS\SYSTEM32\dbgcore.DLL
0x00007ffc4d590000 - 0x00007ffc4d635000 	C:\WINDOWS\System32\bcryptPrimitives.dll
0x00007ffbb2290000 - 0x00007ffbb22ae000 	C:\Program Files\Java\jdk-24\bin\java.dll
0x00007ffc4edb0000 - 0x00007ffc4ef45000 	C:\WINDOWS\System32\ole32.dll
0x00007ffc4f3a0000 - 0x00007ffc4faff000 	C:\WINDOWS\System32\SHELL32.dll
0x00007ffc4daf0000 - 0x00007ffc4dc5a000 	C:\WINDOWS\System32\wintypes.dll
0x00007ffc4dc60000 - 0x00007ffc4e4c4000 	C:\WINDOWS\System32\windows.storage.dll
0x00007ffc4ecb0000 - 0x00007ffc4eda7000 	C:\WINDOWS\System32\SHCORE.dll
0x00007ffc4ec40000 - 0x00007ffc4eca7000 	C:\WINDOWS\System32\shlwapi.dll
0x00007ffc4d480000 - 0x00007ffc4d4a9000 	C:\WINDOWS\SYSTEM32\profapi.dll
0x00007ffbb21b0000 - 0x00007ffbb2287000 	C:\Program Files\Java\jdk-24\bin\jsvml.dll
0x00007ffbf71b0000 - 0x00007ffbf71c0000 	C:\Program Files\Java\jdk-24\bin\net.dll
0x00007ffc4c860000 - 0x00007ffc4c8cb000 	C:\WINDOWS\system32\mswsock.dll
0x00007ffbb2170000 - 0x00007ffbb2186000 	C:\Program Files\Java\jdk-24\bin\nio.dll
0x00007ffbb2190000 - 0x00007ffbb21a7000 	C:\Program Files\Java\jdk-24\bin\zip.dll
0x00007ffbb1ff0000 - 0x00007ffbb216f000 	C:\Program Files\Java\jdk-24\bin\awt.dll
0x00007ffc4ad90000 - 0x00007ffc4ae2f000 	C:\WINDOWS\SYSTEM32\apphelp.dll
0x00007ffc4af50000 - 0x00007ffc4affa000 	C:\WINDOWS\system32\uxtheme.dll
0x00007ffc4eae0000 - 0x00007ffc4ec3d000 	C:\WINDOWS\System32\MSCTF.dll
0x00007ffc4b1f0000 - 0x00007ffc4b21e000 	C:\WINDOWS\system32\DWMAPI.DLL
0x00007ffbb1f20000 - 0x00007ffbb1fa7000 	C:\Program Files\Java\jdk-24\bin\freetype.dll
0x00007ffbb1e40000 - 0x00007ffbb1f17000 	C:\Program Files\Java\jdk-24\bin\fontmanager.dll
0x00007ffbc3280000 - 0x00007ffbc338e000 	C:\WINDOWS\system32\opengl32.dll
0x00007ffbc2d90000 - 0x00007ffbc2dbd000 	C:\WINDOWS\SYSTEM32\GLU32.dll
0x00007ffc4b260000 - 0x00007ffc4b2a3000 	C:\WINDOWS\SYSTEM32\dxcore.dll
0x00007ffbcbc10000 - 0x00007ffbcbdc2000 	C:\WINDOWS\system32\d3d9.dll
0x00007ffc45b40000 - 0x00007ffc45cfb000 	C:\WINDOWS\System32\DriverStore\FileRepository\u0407196.inf_amd64_4f30592185b667eb\B406567\aticfx64.dll
0x00007ffc2dc50000 - 0x00007ffc2dc84000 	C:\WINDOWS\System32\DriverStore\FileRepository\u0407196.inf_amd64_4f30592185b667eb\B406567\atiu9p64.dll
0x00007ffbe1a70000 - 0x00007ffbe27b7000 	C:\WINDOWS\System32\DriverStore\FileRepository\u0407196.inf_amd64_4f30592185b667eb\B406567\atiumd64.dll
0x0000000061910000 - 0x0000000062823000 	C:\WINDOWS\System32\DriverStore\FileRepository\u0407196.inf_amd64_4f30592185b667eb\B406567\atiumd6a.dll
0x00007ffc50340000 - 0x00007ffc507c7000 	C:\WINDOWS\System32\SETUPAPI.dll
0x00007ffc42d20000 - 0x00007ffc42d55000 	C:\WINDOWS\SYSTEM32\amdihk64.dll
0x00007ffc47770000 - 0x00007ffc477d0000 	C:\WINDOWS\SYSTEM32\directxdatabasehelper.dll
0x00007ffc2dad0000 - 0x00007ffc2dafe000 	C:\Program Files\Java\jdk-24\bin\javajpeg.dll

dbghelp: loaded successfully - version: 4.0.5 - missing functions: none
symbol engine: initialized successfully - sym options: 0x614 - pdb path: .;C:\Program Files\Java\jdk-24\bin;C:\WINDOWS\SYSTEM32;C:\WINDOWS\WinSxS\amd64_microsoft.windows.common-controls_6595b64144ccf1df_6.0.26100.8037_none_3e092faae333b53b;C:\Program Files\Java\jdk-24\bin\server;C:\WINDOWS\System32\DriverStore\FileRepository\u0407196.inf_amd64_4f30592185b667eb\B406567

VM Arguments:
java_command: employee.GenerateBills
java_class_path (initial): C:\Users\nanda\Documents\NetBeansProjects\billingSoftware\target\classes;C:\Users\nanda\.m2\repository\org\netbeans\external\AbsoluteLayout\RELEASE290\AbsoluteLayout-RELEASE290.jar;C:\Users\nanda\.m2\repository\com\mysql\mysql-connector-j\8.3.0\mysql-connector-j-8.3.0.jar;C:\Users\nanda\.m2\repository\com\google\protobuf\protobuf-java\3.25.1\protobuf-java-3.25.1.jar
Launcher Type: SUN_STANDARD

[Global flags]
     intx CICompilerCount                          = 4                                         {product} {ergonomic}
     uint ConcGCThreads                            = 3                                         {product} {ergonomic}
     uint G1ConcRefinementThreads                  = 10                                        {product} {ergonomic}
   size_t G1HeapRegionSize                         = 1048576                                   {product} {ergonomic}
   size_t InitialHeapSize                          = 123731968                                 {product} {ergonomic}
   size_t MarkStackSize                            = 4194304                                   {product} {ergonomic}
   size_t MarkStackSizeMax                         = 536870912                                 {product} {ergonomic}
   size_t MaxHeapSize                              = 1967128576                                {product} {ergonomic}
   size_t MaxNewSize                               = 1179648000                                {product} {ergonomic}
   size_t MinHeapDeltaBytes                        = 1048576                                   {product} {ergonomic}
   size_t MinHeapSize                              = 8388608                                   {product} {ergonomic}
    uintx NonNMethodCodeHeapSize                   = 5832704                                {pd product} {ergonomic}
    uintx NonProfiledCodeHeapSize                  = 122945536                              {pd product} {ergonomic}
    uintx ProfiledCodeHeapSize                     = 122880000                              {pd product} {ergonomic}
    uintx ReservedCodeCacheSize                    = 251658240                              {pd product} {ergonomic}
     bool SegmentedCodeCache                       = true                                      {product} {ergonomic}
   size_t SoftMaxHeapSize                          = 1967128576                             {manageable} {ergonomic}
     bool UseCompressedOops                        = true                           {product lp64_product} {ergonomic}
     bool UseG1GC                                  = true                                      {product} {ergonomic}
     bool UseLargePagesIndividualAllocation        = false                                  {pd product} {ergonomic}

Logging:
Log output configuration:
 #0: stdout all=warning uptime,level,tags foldmultilines=false
 #1: stderr all=off uptime,level,tags foldmultilines=false

Environment Variables:
JAVA_HOME=C:\Program Files\Java\jdk-24
PATH=C:\Program Files\Common Files\Oracle\Java\javapath;C:\WINDOWS\system32;C:\WINDOWS;C:\WINDOWS\System32\Wbem;C:\WINDOWS\System32\WindowsPowerShell\v1.0\;C:\WINDOWS\System32\OpenSSH\;C:\Program Files\Java\jdk-24\bin;C:\Program Files\Docker\Docker\resources\bin;C:\Program Files\nodejs\;C:\Program Files\MySQL\MySQL Server 8.0\bin;C:\Program Files\Git\cmd;C:\Program Files\MySQL\MySQL Shell 8.0\bin\;C:\Users\nanda\AppData\Local\Microsoft\WindowsApps;C:\Users\nanda\AppData\Local\Programs\Microsoft VS Code\bin;C:\MinGW\bin;C:\Users\nanda\AppData\Roaming\npm;C:\Users\nanda\AppData\Local\GitHubDesktop\bin;C:\Users\nanda\Downloads\netbeans-29-bin\netbeans\bin\
USERNAME=nanda
OS=Windows_NT
PROCESSOR_IDENTIFIER=AMD64 Family 23 Model 104 Stepping 1, AuthenticAMD
TMP=C:\Users\nanda\AppData\Local\Temp
TEMP=C:\Users\nanda\AppData\Local\Temp




Periodic native trim disabled

---------------  S Y S T E M  ---------------

OS:
 Windows 11 , 64 bit Build 26100 (10.0.26100.7920)
OS uptime: 0 days 1:46 hours
Hyper-V role detected

CPU: total 12 (initial active 12) (12 cores per cpu, 2 threads per core) family 23 model 104 stepping 1 microcode 0x8608107, cx8, cmov, fxsr, ht, mmx, 3dnowpref, sse, sse2, sse3, ssse3, sse4a, sse4.1, sse4.2, popcnt, lzcnt, tsc, tscinvbit, avx, avx2, aes, clmul, bmi1, bmi2, adx, sha, fma, vzeroupper, clflush, clflushopt, hv, rdtscp, rdpid, f16c
Processor Information for processor 0
  Max Mhz: 2100, Current Mhz: 2100, Mhz Limit: 2100
Processor Information for processor 1
  Max Mhz: 2100, Current Mhz: 1988, Mhz Limit: 2100
Processor Information for processor 2
  Max Mhz: 2100, Current Mhz: 2100, Mhz Limit: 2100
Processor Information for processor 3
  Max Mhz: 2100, Current Mhz: 1988, Mhz Limit: 2100
Processor Information for processor 4
  Max Mhz: 2100, Current Mhz: 2100, Mhz Limit: 2100
Processor Information for processor 5
  Max Mhz: 2100, Current Mhz: 2100, Mhz Limit: 2100
Processor Information for processor 6
  Max Mhz: 2100, Current Mhz: 2100, Mhz Limit: 2100
Processor Information for processor 7
  Max Mhz: 2100, Current Mhz: 1988, Mhz Limit: 2100
Processor Information for processor 8
  Max Mhz: 2100, Current Mhz: 2100, Mhz Limit: 2100
Processor Information for processor 9
  Max Mhz: 2100, Current Mhz: 2100, Mhz Limit: 2100
Processor Information for processor 10
  Max Mhz: 2100, Current Mhz: 2100, Mhz Limit: 2100
Processor Information for processor 11
  Max Mhz: 2100, Current Mhz: 1988, Mhz Limit: 2100

Memory: 4k page, system-wide physical 7501M (1179M free)
TotalPageFile size 30029M (AvailPageFile size 648M)
current process WorkingSet (physical memory assigned to process): 81M, peak: 86M
current process commit charge ("private bytes"): 272M, peak: 278M

vm_info: Java HotSpot(TM) 64-Bit Server VM (24+36-3646) for windows-amd64 JRE (24+36-3646), built on 2025-02-06T00:20:43Z with MS VC++ 17.6 (VS2022)

END.
